<?xml version="1.0" encoding="UTF-8"?>
<!-- Generated by org.testng.reporters.JUnitXMLReporter -->
<testsuite ignored="0" hostname="PAVILION" failures="0" tests="3" name="Default test" time="241.312" errors="0" timestamp="2022-06-18T12:54:51 IST">
  <testcase classname="Test.ZerodhaLoginPageTest" name="forgotPasswordLinkTest" time="13.128"/>
  <testcase classname="Test.ZerodhaLoginPageTest" name="loginWithValidCredentialsTest" time="4.851"/>
  <testcase classname="Test.ZerodhaLoginPageTest" name="signupLinkTest" time="0.248"/>
</testsuite> <!-- Default test -->
